This is pdfTeX, Version 3.1415926-2.3-1.40.12 (MiKTeX 2.9) (preloaded format=pdflatex 2014.8.26)  29 AUG 2014 14:36
entering extended mode
**C:/Users/shaheesm/Desktop/SAR_EG2015/EGauthorGuidelines-conf-fin_with_teaser.
tex

(C:/Users/shaheesm/Desktop/SAR_EG2015/EGauthorGuidelines-conf-fin_with_teaser.t
ex
LaTeX2e <2011/06/27>
Babel <v3.8m> and hyphenation patterns for loaded.
(C:\Users\shaheesm\Desktop\SAR_EG2015\egpubl.cls
Document Class: egpubl 2013/11/28 Document Style for EG Publications v3.57
\c@table=\count79
\c@figure=\count80
\c@part=\count81
\c@section=\count82
\c@subsection=\count83
\c@subsubsection=\count84
\c@paragraph=\count85
\c@subparagraph=\count86
\titlespace=\skip41
\teaserspace=\skip42
\c@p@volume=\count87
\bibhang=\skip43
\every@verbatim=\toks14
\verbatim@line=\toks15
(C:\CTEX\MiKTeX\tex\generic\oberdiek\ifpdf.sty
Package: ifpdf 2011/01/30 v2.3 Provides the ifpdf switch (HO)
Package ifpdf Info: pdfTeX in PDF mode is detected.
)
(C:\Users\shaheesm\Desktop\SAR_EG2015\EGauthorGuidelines-conf-fin_with_teaser.l
bl)) (C:\Users\shaheesm\Desktop\SAR_EG2015\eg2015.sty)
(C:\CTEX\MiKTeX\tex\latex\graphics\graphicx.sty
Package: graphicx 1999/02/16 v1.0f Enhanced LaTeX Graphics (DPC,SPQR)

(C:\CTEX\MiKTeX\tex\latex\graphics\keyval.sty
Package: keyval 1999/03/16 v1.13 key=value parser (DPC)
\KV@toks@=\toks16
)
(C:\CTEX\MiKTeX\tex\latex\graphics\graphics.sty
Package: graphics 2009/02/05 v1.0o Standard LaTeX Graphics (DPC,SPQR)

(C:\CTEX\MiKTeX\tex\latex\graphics\trig.sty
Package: trig 1999/03/16 v1.09 sin cos tan (DPC)
)
(C:\CTEX\MiKTeX\tex\latex\00miktex\graphics.cfg
File: graphics.cfg 2007/01/18 v1.5 graphics configuration of teTeX/TeXLive
)
Package graphics Info: Driver file: pdftex.def on input line 91.

(C:\CTEX\MiKTeX\tex\latex\pdftex-def\pdftex.def
File: pdftex.def 2011/05/27 v0.06d Graphics/color for pdfTeX

(C:\CTEX\MiKTeX\tex\generic\oberdiek\infwarerr.sty
Package: infwarerr 2010/04/08 v1.3 Providing info/warning/message (HO)
)
(C:\CTEX\MiKTeX\tex\generic\oberdiek\ltxcmds.sty
Package: ltxcmds 2011/04/18 v1.20 LaTeX kernel commands for general use (HO)
)
\Gread@gobject=\count88
))
\Gin@req@height=\dimen102
\Gin@req@width=\dimen103
)
(C:\CTEX\MiKTeX\tex\latex\hyperref\hyperref.sty
Package: hyperref 2012/02/06 v6.82o Hypertext links for LaTeX

(C:\CTEX\MiKTeX\tex\generic\oberdiek\hobsub-hyperref.sty
Package: hobsub-hyperref 2011/04/23 v1.4 Bundle oberdiek, subset hyperref (HO)

(C:\CTEX\MiKTeX\tex\generic\oberdiek\hobsub-generic.sty
Package: hobsub-generic 2011/04/23 v1.4 Bundle oberdiek, subset generic (HO)
Package: hobsub 2011/04/23 v1.4 Subsetting bundle oberdiek (HO)
Package hobsub Info: Skipping package `infwarerr' (already loaded).
Package hobsub Info: Skipping package `ltxcmds' (already loaded).
Package: ifluatex 2010/03/01 v1.3 Provides the ifluatex switch (HO)
Package ifluatex Info: LuaTeX not detected.
Package: ifvtex 2010/03/01 v1.5 Switches for detecting VTeX and its modes (HO)
Package ifvtex Info: VTeX not detected.
Package: intcalc 2007/09/27 v1.1 Expandable integer calculations (HO)
Package hobsub Info: Skipping package `ifpdf' (already loaded).
Package: etexcmds 2011/02/16 v1.5 Prefix for e-TeX command names (HO)
Package etexcmds Info: Could not find \expanded.
(etexcmds)             That can mean that you are not using pdfTeX 1.50 or
(etexcmds)             that some package has redefined \expanded.
(etexcmds)             In the latter case, load this package earlier.
Package: kvsetkeys 2011/04/07 v1.13 Key value parser (HO)
Package: kvdefinekeys 2011/04/07 v1.3 Defining keys (HO)
Package: pdftexcmds 2011/04/22 v0.16 Utilities of pdfTeX for LuaTeX (HO)
Package pdftexcmds Info: LuaTeX not detected.
Package pdftexcmds Info: \pdf@primitive is available.
Package pdftexcmds Info: \pdf@ifprimitive is available.
Package pdftexcmds Info: \pdfdraftmode found.
Package: pdfescape 2011/04/04 v1.12 Provides string conversions (HO)
Package: bigintcalc 2011/01/30 v1.2 Expandable big integer calculations (HO)
Package: bitset 2011/01/30 v1.1 Data type bit set (HO)
Package: uniquecounter 2011/01/30 v1.2 Provides unlimited unique counter (HO)
)
Package hobsub Info: Skipping package `hobsub' (already loaded).
Package: letltxmacro 2010/09/02 v1.4 Let assignment for LaTeX macros (HO)
Package: hopatch 2011/01/30 v1.0 Wrapper for package hooks (HO)
Package: xcolor-patch 2011/01/30 xcolor patch
Package: atveryend 2011/04/23 v1.7 Hooks at very end of document (HO)
Package: atbegshi 2011/01/30 v1.15 At begin shipout hook (HO)
Package: refcount 2010/12/01 v3.2 Data extraction from references (HO)
Package: hycolor 2011/01/30 v1.7 Color options of hyperref/bookmark (HO)
)
(C:\CTEX\MiKTeX\tex\generic\ifxetex\ifxetex.sty
Package: ifxetex 2010/09/12 v0.6 Provides ifxetex conditional
)
(C:\CTEX\MiKTeX\tex\latex\oberdiek\kvoptions.sty
Package: kvoptions 2010/12/23 v3.10 Keyval support for LaTeX options (HO)
)
\@linkdim=\dimen104
\Hy@linkcounter=\count89
\Hy@pagecounter=\count90

(C:\CTEX\MiKTeX\tex\latex\hyperref\pd1enc.def
File: pd1enc.def 2012/02/06 v6.82o Hyperref: PDFDocEncoding definition (HO)
)
\Hy@SavedSpaceFactor=\count91

(C:\CTEX\MiKTeX\tex\latex\00miktex\hyperref.cfg
File: hyperref.cfg 2002/06/06 v1.2 hyperref configuration of TeXLive
)
Package hyperref Info: Option `colorlinks' set `true' on input line 3925.
Package hyperref Info: Option `bookmarks' set `false' on input line 3925.
Package hyperref Info: Hyper figures OFF on input line 4046.
Package hyperref Info: Link nesting OFF on input line 4051.
Package hyperref Info: Hyper index ON on input line 4054.
Package hyperref Info: Plain pages OFF on input line 4061.
Package hyperref Info: Backreferencing ON on input line 4064.
Package hyperref Info: Implicit mode ON; LaTeX internals redefined.
Package hyperref Info: Bookmarks OFF on input line 4290.

(C:\CTEX\MiKTeX\tex\latex\hyperref\backref.sty
Package: backref 2010/08/30 v1.36 Bibliographical back referencing

(C:\CTEX\MiKTeX\tex\latex\oberdiek\rerunfilecheck.sty
Package: rerunfilecheck 2011/04/15 v1.7 Rerun checks for auxiliary files (HO)
Package uniquecounter Info: New unique counter `rerunfilecheck' on input line 2
82.
))
\c@Hy@tempcnt=\count92

(C:\CTEX\MiKTeX\tex\latex\ltxmisc\url.sty
\Urlmuskip=\muskip10
Package: url 2006/04/12  ver 3.3  Verb mode for urls, etc.
)
LaTeX Info: Redefining \url on input line 4637.
\Fld@menulength=\count93
\Field@Width=\dimen105
\Fld@charsize=\dimen106
Package hyperref Info: Hyper figures OFF on input line 5757.
Package hyperref Info: Link nesting OFF on input line 5762.
Package hyperref Info: Hyper index ON on input line 5765.
Package hyperref Info: backreferencing ON on input line 5770.
Package hyperref Info: Link coloring ON on input line 5775.
Package hyperref Info: Link coloring with OCG OFF on input line 5782.
Package hyperref Info: PDF/A mode OFF on input line 5787.
LaTeX Info: Redefining \ref on input line 5827.
LaTeX Info: Redefining \pageref on input line 5831.
\Hy@abspage=\count94
\c@Item=\count95
\c@Hfootnote=\count96
)

Package hyperref Message: Driver: hpdftex.

(C:\CTEX\MiKTeX\tex\latex\hyperref\hpdftex.def
File: hpdftex.def 2012/02/06 v6.82o Hyperref driver for pdfTeX
\Fld@listcount=\count97
\c@bookmark@seq@number=\count98
\Hy@SectionHShift=\skip44
)
(C:\CTEX\MiKTeX\tex\latex\base\t1enc.sty
Package: t1enc 1994/06/01 Standard LaTeX package
)
(C:\Users\shaheesm\Desktop\SAR_EG2015\dfadobe.sty
Package: dfadobe 2000/03/05 v1.4 T1-encoded Times (except symbols), Courier, He
lvetica (at 90\%) + math package
LaTeX Font Info:    Redeclaring symbol font `operators' on input line 14.
LaTeX Font Info:    Overwriting symbol font `operators' in version `normal'
(Font)                  OT1/cmr/m/n --> OT1/ptmcm/m/n on input line 14.
LaTeX Font Info:    Overwriting symbol font `operators' in version `bold'
(Font)                  OT1/cmr/bx/n --> OT1/ptmcm/m/n on input line 14.
LaTeX Font Info:    Redeclaring symbol font `letters' on input line 15.
LaTeX Font Info:    Overwriting symbol font `letters' in version `normal'
(Font)                  OML/cmm/m/it --> OML/ptmcm/m/it on input line 15.
LaTeX Font Info:    Overwriting symbol font `letters' in version `bold'
(Font)                  OML/cmm/b/it --> OML/ptmcm/m/it on input line 15.
LaTeX Font Info:    Redeclaring symbol font `largesymbols' on input line 16.
LaTeX Font Info:    Overwriting symbol font `largesymbols' in version `normal'
(Font)                  OMX/cmex/m/n --> OMX/psycm/m/n on input line 16.
LaTeX Font Info:    Overwriting symbol font `largesymbols' in version `bold'
(Font)                  OMX/cmex/m/n --> OMX/psycm/m/n on input line 16.
\symbold=\mathgroup4
\symitalic=\mathgroup5
LaTeX Font Info:    Redeclaring math alphabet \mathbf on input line 19.
LaTeX Font Info:    Overwriting math alphabet `\mathbf' in version `normal'
(Font)                  OT1/cmr/bx/n --> OT1/ptm/bx/n on input line 19.
LaTeX Font Info:    Overwriting math alphabet `\mathbf' in version `bold'
(Font)                  OT1/cmr/bx/n --> OT1/ptm/bx/n on input line 19.
LaTeX Font Info:    Redeclaring math alphabet \mathit on input line 20.
LaTeX Font Info:    Overwriting math alphabet `\mathit' in version `normal'
(Font)                  OT1/cmr/m/it --> OT1/ptm/m/it on input line 20.
LaTeX Font Info:    Overwriting math alphabet `\mathit' in version `bold'
(Font)                  OT1/cmr/bx/it --> OT1/ptm/m/it on input line 20.

(C:\Users\shaheesm\Desktop\SAR_EG2015\dfT1ptm.fd
File: dfT1ptm.fd 2000/03/05 DF - Fontinst v1.6 font definitions for T1/ptm.
)
(C:\Users\shaheesm\Desktop\SAR_EG2015\dfT1phv.fd
File: dfT1phv.fd 1997/12/02 Fontinst v1.6 font definitions for T1/phv scaled to
 90\%.
)
(C:\Users\shaheesm\Desktop\SAR_EG2015\dfT1pcr.fd
File: dfT1pcr.fd 2000/03/05 DF - Fontinst v1.6 font definitions for T1/pcr.
))
(C:\Users\shaheesm\Desktop\SAR_EG2015\egweblnk.sty
Package: egweblnk 2004/10/29 v2.2 DF's support for http web links in class egpu
bl
)
(C:\CTEX\MiKTeX\tex\latex\cite\cite.sty
LaTeX Info: Redefining \cite on input line 302.
LaTeX Info: Redefining \nocite on input line 373.
Package: cite 2010/09/10  v 5.3
)
(C:\CTEX\MiKTeX\tex\latex\oberdiek\epstopdf.sty
Package: epstopdf 2010/02/09 v2.5 Conversion with epstopdf on the fly (HO)

(C:\CTEX\MiKTeX\tex\latex\oberdiek\epstopdf-base.sty
Package: epstopdf-base 2010/02/09 v2.5 Base part for package epstopdf

(C:\CTEX\MiKTeX\tex\latex\oberdiek\grfext.sty
Package: grfext 2010/08/19 v1.1 Managing graphics extensions (HO)
)
Package grfext Info: Graphics extension search list:
(grfext)             [.png,.pdf,.jpg,.mps,.jpeg,.jbig2,.jb2,.PNG,.PDF,.JPG,.JPE
G,.JBIG2,.JB2,.eps]
(grfext)             \AppendGraphicsExtensions on input line 452.
))
(C:\CTEX\MiKTeX\tex\latex\float\float.sty
Package: float 2001/11/08 v1.3d Float enhancements (AL)
\c@float@type=\count99
\float@exts=\toks17
\float@box=\box26
\@float@everytoks=\toks18
\@floatcapt=\box27
)
(C:\CTEX\MiKTeX\tex\latex\tools\verbatim.sty
Package: verbatim 2003/08/22 v1.5q LaTeX2e package for verbatim enhancements
)
(C:\CTEX\MiKTeX\tex\latex\subfigure\subfigure.sty
Package: subfigure 2002/07/30 v2.1.4 subfigure package
\subfigtopskip=\skip45
\subfigcapskip=\skip46
\subfigcaptopadj=\dimen107
\subfigbottomskip=\skip47
\subfigcapmargin=\dimen108
\subfiglabelskip=\skip48
\c@subfigure=\count100
\c@lofdepth=\count101
\c@subtable=\count102
\c@lotdepth=\count103

****************************************
* Local config file subfigure.cfg used *
****************************************
(C:\CTEX\MiKTeX\tex\latex\subfigure\subfigure.cfg)
\subfig@top=\skip49
\subfig@bottom=\skip50
)
(C:\CTEX\MiKTeX\tex\latex\ams\math\amsmath.sty
Package: amsmath 2000/07/18 v2.13 AMS math features
\@mathmargin=\skip51

For additional information on amsmath, use the `?' option.
(C:\CTEX\MiKTeX\tex\latex\ams\math\amstext.sty
Package: amstext 2000/06/29 v2.01

(C:\CTEX\MiKTeX\tex\latex\ams\math\amsgen.sty
File: amsgen.sty 1999/11/30 v2.0
\@emptytoks=\toks19
\ex@=\dimen109
))
(C:\CTEX\MiKTeX\tex\latex\ams\math\amsbsy.sty
Package: amsbsy 1999/11/29 v1.2d
\pmbraise@=\dimen110
)
(C:\CTEX\MiKTeX\tex\latex\ams\math\amsopn.sty
Package: amsopn 1999/12/14 v2.01 operator names
)
\inf@bad=\count104
LaTeX Info: Redefining \frac on input line 211.
\uproot@=\count105
\leftroot@=\count106
LaTeX Info: Redefining \overline on input line 307.
\classnum@=\count107
\DOTSCASE@=\count108
LaTeX Info: Redefining \ldots on input line 379.
LaTeX Info: Redefining \dots on input line 382.
LaTeX Info: Redefining \cdots on input line 467.
\Mathstrutbox@=\box28
\strutbox@=\box29
\big@size=\dimen111
LaTeX Font Info:    Redeclaring font encoding OML on input line 567.
LaTeX Font Info:    Redeclaring font encoding OMS on input line 568.
\macc@depth=\count109
\c@MaxMatrixCols=\count110
\dotsspace@=\muskip11
\c@parentequation=\count111
\dspbrk@lvl=\count112
\tag@help=\toks20
\row@=\count113
\column@=\count114
\maxfields@=\count115
\andhelp@=\toks21
\eqnshift@=\dimen112
\alignsep@=\dimen113
\tagshift@=\dimen114
\tagwidth@=\dimen115
\totwidth@=\dimen116
\lineht@=\dimen117
\@envbody=\toks22
\multlinegap=\skip52
\multlinetaggap=\skip53
\mathdisplay@stack=\toks23
LaTeX Info: Redefining \[ on input line 2666.
LaTeX Info: Redefining \] on input line 2667.
)
(C:\CTEX\MiKTeX\tex\latex\tools\multicol.sty
Package: multicol 2011/06/27 v1.7a multicolumn formatting (FMi)
\c@tracingmulticols=\count116
\mult@box=\box30
\multicol@leftmargin=\dimen118
\c@unbalance=\count117
\c@collectmore=\count118
\doublecol@number=\count119
\multicoltolerance=\count120
\multicolpretolerance=\count121
\full@width=\dimen119
\page@free=\dimen120
\premulticols=\dimen121
\postmulticols=\dimen122
\multicolsep=\skip54
\multicolbaselineskip=\skip55
\partial@page=\box31
\last@line=\box32
\mult@rightbox=\box33
\mult@grightbox=\box34
\mult@gfirstbox=\box35
\mult@firstbox=\box36
\@tempa=\box37
\@tempa=\box38
\@tempa=\box39
\@tempa=\box40
\@tempa=\box41
\@tempa=\box42
\@tempa=\box43
\@tempa=\box44
\@tempa=\box45
\@tempa=\box46
\@tempa=\box47
\@tempa=\box48
\@tempa=\box49
\@tempa=\box50
\@tempa=\box51
\@tempa=\box52
\@tempa=\box53
\c@columnbadness=\count122
\c@finalcolumnbadness=\count123
\last@try=\dimen123
\multicolovershoot=\dimen124
\multicolundershoot=\dimen125
\mult@nat@firstbox=\box54
\colbreak@box=\box55
\multicol@sort@counter=\count124
)
(C:\CTEX\MiKTeX\tex\latex\caption\caption.sty
Package: caption 2011/11/10 v3.2e Customizing captions (AR)

(C:\CTEX\MiKTeX\tex\latex\caption\caption3.sty
Package: caption3 2011/11/01 v1.4a caption3 kernel (AR)
\captionmargin=\dimen126
\captionmargin@=\dimen127
\captionwidth=\dimen128
\caption@indent=\dimen129
\caption@parindent=\dimen130
\caption@hangindent=\dimen131
\abovecaptionskip=\skip56
\belowcaptionskip=\skip57
Package caption Info: Unknown document class (or package),
(caption)             standard defaults will be used.
)

Package caption Warning: Unsupported document class (or package) detected,
(caption)                usage of the caption package is not recommended.
See the caption package documentation for explanation.

Package caption Info: \@makecaption = \long macro:#1#2->\vskip 6pt \setbox \@te
mpboxa \hbox {\textbf {#1:} \reset@font \textit {#2}} \ifdim \wd \@tempboxa >\h
size \textbf {#1:} \reset@font \itshape #2\par \else \hbox to\hsize {\hfil \box
 \@tempboxa \hfil } \fi \vskip 6pt .
\c@ContinuedFloat=\count125
Package caption Info: float package is loaded.
Package caption Info: hyperref package is loaded.
Package caption Info: subfigure package is loaded.
) (C:\CTEX\MiKTeX\tex\latex\base\fontenc.sty
Package: fontenc 2005/09/27 v1.99g Standard LaTeX package
)
(C:\CTEX\MiKTeX\tex\latex\csquotes\csquotes.sty
Package: csquotes 2011/10/22 v5.1d context-sensitive quotations

(C:\CTEX\MiKTeX\tex\latex\etoolbox\etoolbox.sty
Package: etoolbox 2011/01/03 v2.1 e-TeX tools for LaTeX

(C:\CTEX\MiKTeX\tex\latex\misc\etex.sty
Package: etex 1998/03/26 v2.0 eTeX basic definition package (PEB)
\et@xins=\count126
)
\etb@tempcnta=\count127
)
\csq@reset=\count128
\csq@gtype=\count129
\csq@glevel=\count130
\csq@qlevel=\count131
\csq@maxlvl=\count132
\csq@tshold=\count133
\csq@ltx@everypar=\toks24

(C:\CTEX\MiKTeX\tex\latex\csquotes\csquotes.def
File: csquotes.def 2011/10/22 v5.1d csquotes generic definitions
)
Package csquotes Info: Trying to load configuration file 'csquotes.cfg'...
Package csquotes Info: ... configuration file loaded successfully.

(C:\CTEX\MiKTeX\tex\latex\csquotes\csquotes.cfg
File: csquotes.cfg 
))
(C:\CTEX\MiKTeX\tex\latex\tools\array.sty
Package: array 2008/09/09 v2.4c Tabular extension package (FMi)
\col@sep=\dimen132
\extrarowheight=\dimen133
\NC@list=\toks25
\extratabsurround=\skip58
\backup@length=\skip59
)
Package csquotes Info: Checking for multilingual support...
Package csquotes Info: ... none found.

(C:\Users\shaheesm\Desktop\SAR_EG2015\EGauthorGuidelines-conf-fin_with_teaser.a
ux

LaTeX Warning: Label `subsec: featureExtraction' multiply defined.

)
LaTeX Font Info:    Checking defaults for OML/cmm/m/it on input line 112.
LaTeX Font Info:    ... okay on input line 112.
LaTeX Font Info:    Checking defaults for T1/cmr/m/n on input line 112.
LaTeX Font Info:    ... okay on input line 112.
LaTeX Font Info:    Checking defaults for OT1/cmr/m/n on input line 112.
LaTeX Font Info:    ... okay on input line 112.
LaTeX Font Info:    Checking defaults for OMS/cmsy/m/n on input line 112.
LaTeX Font Info:    ... okay on input line 112.
LaTeX Font Info:    Checking defaults for OMX/cmex/m/n on input line 112.
LaTeX Font Info:    ... okay on input line 112.
LaTeX Font Info:    Checking defaults for U/cmr/m/n on input line 112.
LaTeX Font Info:    ... okay on input line 112.
LaTeX Font Info:    Checking defaults for PD1/pdf/m/n on input line 112.
LaTeX Font Info:    ... okay on input line 112.
 (C:\CTEX\MiKTeX\tex\context\base\supp-pdf.mkii
[Loading MPS to PDF converter (version 2006.09.02).]
\scratchcounter=\count134
\scratchdimen=\dimen134
\scratchbox=\box56
\nofMPsegments=\count135
\nofMParguments=\count136
\everyMPshowfont=\toks26
\MPscratchCnt=\count137
\MPscratchDim=\dimen135
\MPnumerator=\count138
\makeMPintoPDFobject=\count139
\everyMPtoPDFconversion=\toks27
)
\AtBeginShipoutBox=\box57


Package hyperref Warning: Height of page (\paperheight) is invalid (0.0pt),
(hyperref)                using 11in.

(C:\CTEX\MiKTeX\tex\latex\graphics\color.sty
Package: color 2005/11/14 v1.0j Standard LaTeX Color (DPC)

(C:\CTEX\MiKTeX\tex\latex\00miktex\color.cfg
File: color.cfg 2007/01/18 v1.5 color configuration of teTeX/TeXLive
)
Package color Info: Driver file: pdftex.def on input line 130.
)
Package hyperref Info: Link coloring ON on input line 112.

(C:\CTEX\MiKTeX\tex\latex\hyperref\nameref.sty
Package: nameref 2010/04/30 v2.40 Cross-referencing by name of section

(C:\CTEX\MiKTeX\tex\generic\oberdiek\gettitlestring.sty
Package: gettitlestring 2010/12/03 v1.4 Cleanup title references (HO)
)
\c@section@level=\count140
)
LaTeX Info: Redefining \ref on input line 112.
LaTeX Info: Redefining \pageref on input line 112.
LaTeX Info: Redefining \nameref on input line 112.
Package caption Info: Begin \AtBeginDocument code.
Package caption Info: End \AtBeginDocument code.
LaTeX Font Info:    Font shape `T1/ptm/bx/n' in size <17.28> not available
(Font)              Font shape `T1/ptm/b/n' tried instead on input line 122.
LaTeX Font Info:    Try loading font information for OT1+ptmcm on input line 12
2.

(C:\CTEX\MiKTeX\tex\latex\psnfss\ot1ptmcm.fd
File: ot1ptmcm.fd 2000/01/03 Fontinst v1.801 font definitions for OT1/ptmcm.
)
LaTeX Font Info:    Try loading font information for OML+ptmcm on input line 12
2.

(C:\CTEX\MiKTeX\tex\latex\psnfss\omlptmcm.fd
File: omlptmcm.fd 2000/01/03 Fontinst v1.801 font definitions for OML/ptmcm.
)
LaTeX Font Info:    Try loading font information for OMX+psycm on input line 12
2.

(C:\CTEX\MiKTeX\tex\latex\psnfss\omxpsycm.fd
File: omxpsycm.fd 2000/01/03 Fontinst v1.801 font definitions for OMX/psycm.
)
LaTeX Font Info:    Try loading font information for OT1+ptm on input line 122.


(C:\CTEX\MiKTeX\tex\latex\psnfss\ot1ptm.fd
File: ot1ptm.fd 2001/06/04 font definitions for OT1/ptm.
)
<images/fullPipeline2.jpg, id=3, 1140.51094pt x 255.95625pt>
File: images/fullPipeline2.jpg Graphic file (type jpg)

<use images/fullPipeline2.jpg>
Package pdftex.def Info: images/fullPipeline2.jpg used on input line 122.
(pdftex.def)             Requested size: 460.5575pt x 103.35707pt.


Package caption Warning: The option `hypcap=true' will be ignored for this
(caption)                particular \caption on input line 122.
See the caption package documentation for explanation.


Overfull \hbox (4.5575pt too wide) in paragraph at lines 122--122
 [][] 
 []

LaTeX Font Info:    Font shape `T1/ptm/bx/n' in size <9> not available
(Font)              Font shape `T1/ptm/b/n' tried instead on input line 123.
(C:\Users\shaheesm\Desktop\SAR_EG2015\introduction.tex
Underfull \vbox (badness 3396) has occurred while \output is active []

 [1{C:/CTEX/UserData/pdftex/config/pdftex.map{Unicode.sfd}{UGBK.sfd}}


 <C:/Users/shaheesm/Desktop/SAR_EG2015/images/fullPipeline2.jpg>])
(C:\Users\shaheesm\Desktop\SAR_EG2015\relatedWork.tex
Underfull \hbox (badness 1117) in paragraph at lines 4--7
\T1/ptm/m/n/9 de-vel-ope-d for shape match-ing and clas-si-fi-ca-tion in the
 []

[2]
Underfull \hbox (badness 2547) in paragraph at lines 25--28
\T1/ptm/b/n/9 Forensic Hand-writ-ing Anal-y-sis. \T1/ptm/m/n/9 Foren-sic hand-w
rit-ing
 []


Underfull \hbox (badness 1924) in paragraph at lines 33--37
\T1/ptm/b/n/9 Graphical Based Us-er Au-then-ti-ca-tion. \T1/ptm/m/n/9 A num-ber
 of
 []

) (C:\Users\shaheesm\Desktop\SAR_EG2015\strokeAuthorshipRecognition.tex
LaTeX Font Info:    Font shape `OT1/ptm/bx/n' in size <9> not available
(Font)              Font shape `OT1/ptm/b/n' tried instead on input line 1.
LaTeX Font Info:    Font shape `OT1/ptm/bx/n' in size <7> not available
(Font)              Font shape `OT1/ptm/b/n' tried instead on input line 1.
LaTeX Font Info:    Font shape `OT1/ptm/bx/n' in size <5> not available
(Font)              Font shape `OT1/ptm/b/n' tried instead on input line 1.

<images/beforeSegmantation.jpg, id=73, 825.0825pt x 406.51875pt>
File: images/beforeSegmantation.jpg Graphic file (type jpg)

<use images/beforeSegmantation.jpg>
Package pdftex.def Info: images/beforeSegmantation.jpg used on input line 66.
(pdftex.def)             Requested size: 95.76306pt x 47.17976pt.

<images/fullSegmantation.jpg, id=74, 841.64438pt x 391.4625pt>
File: images/fullSegmantation.jpg Graphic file (type jpg)

<use images/fullSegmantation.jpg>
Package pdftex.def Info: images/fullSegmantation.jpg used on input line 71.
(pdftex.def)             Requested size: 95.76306pt x 44.53639pt.
 [3 <C:/Users/shaheesm/Desktop/SAR_EG2015/images/beforeSegmantation.jpg> <C:/Us
ers/shaheesm/Desktop/SAR_EG2015/images/fullSegmantation.jpg>] <images/symmetry.
jpg, id=105, 440.847pt x 334.851pt>
File: images/symmetry.jpg Graphic file (type jpg)

<use images/symmetry.jpg>
Package pdftex.def Info: images/symmetry.jpg used on input line 128.
(pdftex.def)             Requested size: 82.07666pt x 62.33987pt.

<images/inflection.jpg, id=106, 734.745pt x 377.91188pt>
File: images/inflection.jpg Graphic file (type jpg)

<use images/inflection.jpg>
Package pdftex.def Info: images/inflection.jpg used on input line 133.
(pdftex.def)             Requested size: 118.5575pt x 60.97458pt.
 [4 <C:/Users/shaheesm/Desktop/SAR_EG2015/images/symmetry.jpg> <C:/Users/shahee
sm/Desktop/SAR_EG2015/images/inflection.jpg>]
<images/bow.jpg, id=128, 284.56313pt x 228.10219pt>
File: images/bow.jpg Graphic file (type jpg)
 <use images/bow.jpg>
Package pdftex.def Info: images/bow.jpg used on input line 180.
(pdftex.def)             Requested size: 109.4425pt x 87.72737pt.

<images/MickyCenters.jpg, id=129, 679.78969pt x 707.64375pt>
File: images/MickyCenters.jpg Graphic file (type jpg)

<use images/MickyCenters.jpg>
Package pdftex.def Info: images/MickyCenters.jpg used on input line 185.
(pdftex.def)             Requested size: 91.19861pt x 94.9339pt.

Underfull \hbox (badness 1436) in paragraph at lines 201--202
\T1/ptm/m/n/9 So far, a s-ketch im-age is rep-re-sent-ed by a s-parse $\OML/ptm
cm/m/it/9 n$\T1/ptm/m/n/9 -
 []

) (C:\Users\shaheesm\Desktop\SAR_EG2015\multipleDatasetsCreation.tex [5 <C:/Use
rs/shaheesm/Desktop/SAR_EG2015/images/bow.jpg> <C:/Users/shaheesm/Desktop/SAR_E
G2015/images/MickyCenters.jpg>]
<images/fraudExperiment.jpg, id=151, 703.428pt x 295.8252pt>
File: images/fraudExperiment.jpg Graphic file (type jpg)

<use images/fraudExperiment.jpg>
Package pdftex.def Info: images/fraudExperiment.jpg used on input line 49.
(pdftex.def)             Requested size: 456.0pt x 191.77402pt.
)
(C:\Users\shaheesm\Desktop\SAR_EG2015\humanStrokeAuthorshipRecognition.tex
Underfull \vbox (badness 10000) has occurred while \output is active []

 [6])
(C:\Users\shaheesm\Desktop\SAR_EG2015\experimentalResultsandEvaluation.tex
Underfull \hbox (badness 10000) in paragraph at lines 16--17

 []

<images/HistogramsComparisonFraud3.png, id=162, 947.03813pt x 436.63126pt>
File: images/HistogramsComparisonFraud3.png Graphic file (type png)

<use images/HistogramsComparisonFraud3.png>
Package pdftex.def Info: images/HistogramsComparisonFraud3.png used on input li
ne 22.
(pdftex.def)             Requested size: 228.0pt x 105.11343pt.

Overfull \hbox (12.0pt too wide) in paragraph at lines 22--23
 [][] 
 []

[7 <C:/Users/shaheesm/Desktop/SAR_EG2015/images/fraudExperiment.jpg>]
LaTeX Font Info:    Font shape `OT1/ptm/bx/n' in size <8> not available
(Font)              Font shape `OT1/ptm/b/n' tried instead on input line 67.
LaTeX Font Info:    Font shape `OT1/ptm/bx/n' in size <6> not available
(Font)              Font shape `OT1/ptm/b/n' tried instead on input line 67.

<images/sketchConstraints.png, id=173, 917.67844pt x 855.195pt>
File: images/sketchConstraints.png Graphic file (type png)

<use images/sketchConstraints.png>
Package pdftex.def Info: images/sketchConstraints.png used on input line 87.
(pdftex.def)             Requested size: 102.60278pt x 95.61154pt.

<images/fraudResults.png, id=175, 983.17313pt x 867.24pt>
File: images/fraudResults.png Graphic file (type png)

<use images/fraudResults.png>
Package pdftex.def Info: images/fraudResults.png used on input line 92.
(pdftex.def)             Requested size: 102.60278pt x 90.50047pt.
Package epstopdf Info: Source file: <images/FeatureTypeCont.eps>
(epstopdf)                    date: 2014-05-29 12:23:25
(epstopdf)                    size: 750558 bytes
(epstopdf)             Output file: <images/FeatureTypeCont-eps-converted-to.pd
f>
(epstopdf)                    date: 2014-05-29 12:24:01
(epstopdf)                    size: 20405 bytes
(epstopdf)             Command: <epstopdf --outfile=images/FeatureTypeCont-eps-
converted-to.pdf images/FeatureTypeCont.eps>
(epstopdf)             \includegraphics on input line 103.
Package epstopdf Info: Output file is already uptodate.

<images/FeatureTypeCont-eps-converted-to.pdf, id=176, 391.4625pt x 290.08376pt>
File: images/FeatureTypeCont-eps-converted-to.pdf Graphic file (type pdf)
<use images/FeatureTypeCont-eps-converted-to.pdf>
Package pdftex.def Info: images/FeatureTypeCont-eps-converted-to.pdf used on in
put line 103.
(pdftex.def)             Requested size: 159.60278pt x 118.27115pt.
Package epstopdf Info: Source file: <images/segAlg.eps>
(epstopdf)                    date: 2014-05-29 12:22:56
(epstopdf)                    size: 695406 bytes
(epstopdf)             Output file: <images/segAlg-eps-converted-to.pdf>
(epstopdf)                    date: 2014-05-29 12:24:02
(epstopdf)                    size: 20024 bytes
(epstopdf)             Command: <epstopdf --outfile=images/segAlg-eps-converted
-to.pdf images/segAlg.eps>
(epstopdf)             \includegraphics on input line 108.
Package epstopdf Info: Output file is already uptodate.

<images/segAlg-eps-converted-to.pdf, id=177, 300.12125pt x 291.0875pt>
File: images/segAlg-eps-converted-to.pdf Graphic file (type pdf)

<use images/segAlg-eps-converted-to.pdf>
Package pdftex.def Info: images/segAlg-eps-converted-to.pdf used on input line 
108.
(pdftex.def)             Requested size: 123.12195pt x 119.41325pt.
Package epstopdf Info: Source file: <images/sillVsInternal.eps>
(epstopdf)                    date: 2014-05-29 12:21:01
(epstopdf)                    size: 740658 bytes
(epstopdf)             Output file: <images/sillVsInternal-eps-converted-to.pdf
>
(epstopdf)                    date: 2014-05-29 12:24:03
(epstopdf)                    size: 20878 bytes
(epstopdf)             Command: <epstopdf --outfile=images/sillVsInternal-eps-c
onverted-to.pdf images/sillVsInternal.eps>
(epstopdf)             \includegraphics on input line 113.
Package epstopdf Info: Output file is already uptodate.

<images/sillVsInternal-eps-converted-to.pdf, id=178, 362.35374pt x 292.09125pt>
File: images/sillVsInternal-eps-converted-to.pdf Graphic file (type pdf)
<use images/sillVsInternal-eps-converted-to.pdf>
Package pdftex.def Info: images/sillVsInternal-eps-converted-to.pdf used on inp
ut line 113.
(pdftex.def)             Requested size: 145.92334pt x 117.62775pt.
 [8 <C:/Users/shaheesm/Desktop/SAR_EG2015/images/HistogramsComparisonFraud3.png
> <C:/Users/shaheesm/Desktop/SAR_EG2015/images/sketchConstraints.png> <C:/Users
/shaheesm/Desktop/SAR_EG2015/images/fraudResults.png>]
LaTeX Font Info:    Font shape `T1/ptm/bx/n' in size <8> not available
(Font)              Font shape `T1/ptm/b/n' tried instead on input line 210.

Underfull \vbox (badness 2384) has occurred while \output is active []

 [9 <C:/Users/shaheesm/Desktop/SAR_EG2015/images/FeatureTypeCont-eps-converted-
to.pdf> <C:/Users/shaheesm/Desktop/SAR_EG2015/images/segAlg-eps-converted-to.pd
f> <C:/Users/shaheesm/Desktop/SAR_EG2015/images/sillVsInternal-eps-converted-to
.pdf>]
<images/styleVsContent2.png, id=241, 800.9925pt x 505.89pt>
File: images/styleVsContent2.png Graphic file (type png)

<use images/styleVsContent2.png>
Package pdftex.def Info: images/styleVsContent2.png used on input line 234.
(pdftex.def)             Requested size: 228.0pt x 143.99487pt.

Overfull \hbox (12.0pt too wide) in paragraph at lines 234--235
 [][] 
 []

) (C:\Users\shaheesm\Desktop\SAR_EG2015\applications.tex
<images/trainingSamples.jpg, id=242, 888.31876pt x 168.63pt>
File: images/trainingSamples.jpg Graphic file (type jpg)

<use images/trainingSamples.jpg>
Package pdftex.def Info: images/trainingSamples.jpg used on input line 3.
(pdftex.def)             Requested size: 456.0pt x 86.56108pt.
 [10 <C:/Users/shaheesm/Desktop/SAR_EG2015/images/styleVsContent2.png>]
Package epstopdf Info: Source file: <images/TrainingProgress.eps>
(epstopdf)                    date: 2014-05-29 12:33:51
(epstopdf)                    size: 653630 bytes
(epstopdf)             Output file: <images/TrainingProgress-eps-converted-to.p
df>
(epstopdf)                    date: 2014-05-29 12:34:15
(epstopdf)                    size: 23080 bytes
(epstopdf)             Command: <epstopdf --outfile=images/TrainingProgress-eps
-converted-to.pdf images/TrainingProgress.eps>
(epstopdf)             \includegraphics on input line 60.
Package epstopdf Info: Output file is already uptodate.

<images/TrainingProgress-eps-converted-to.pdf, id=256, 302.12875pt x 216.81pt>
File: images/TrainingProgress-eps-converted-to.pdf Graphic file (type pdf)

<use images/TrainingProgress-eps-converted-to.pdf>
Package pdftex.def Info: images/TrainingProgress-eps-converted-to.pdf used on i
nput line 60.
(pdftex.def)             Requested size: 205.19861pt x 147.25351pt.
)
(C:\Users\shaheesm\Desktop\SAR_EG2015\discussion.tex [11 <C:/Users/shaheesm/Des
ktop/SAR_EG2015/images/trainingSamples.jpg> <C:/Users/shaheesm/Desktop/SAR_EG20
15/images/TrainingProgress-eps-converted-to.pdf>])
(C:\Users\shaheesm\Desktop\SAR_EG2015\EGauthorGuidelines-conf-fin_with_teaser.b
bl
(C:\Users\shaheesm\Desktop\SAR_EG2015\EGauthorGuidelines-conf-fin_with_teaser.b
rf)
\tf@brf=\write3

Underfull \hbox (badness 3118) in paragraph at lines 34--34
[]\T1/ptm/m/sc/8 Cole F., Golovin-skiy A., Limpaech-er A.,
 []


Underfull \hbox (badness 10000) in paragraph at lines 34--34
\T1/ptm/m/sc/8 Bar-ros H. S., Finkel-stein A., Funkhous-e-r T.,
 []


Underfull \hbox (badness 10000) in paragraph at lines 114--114
[]\T1/ptm/m/sc/8 Kalogerakis E., Nowrouzezahrai D.,
 []


Underfull \hbox (badness 3128) in paragraph at lines 114--114
\T1/ptm/m/sc/8 Breslav S., Hertz-man-n A.\T1/ptm/m/n/8 :  Learn-ing hatch-ing f
or
 []

[12])
Package atveryend Info: Empty hook `BeforeClearDocument' on input line 170.
 [13

]
Package atveryend Info: Empty hook `AfterLastShipout' on input line 170.

(C:\Users\shaheesm\Desktop\SAR_EG2015\EGauthorGuidelines-conf-fin_with_teaser.a
ux)
Package atveryend Info: Executing hook `AtVeryEndDocument' on input line 170.
Package atveryend Info: Executing hook `AtEndAfterFileList' on input line 170.
Package rerunfilecheck Info: File `EGauthorGuidelines-conf-fin_with_teaser.brf'
 has not changed.
(rerunfilecheck)             Checksum: 12E1A84EC4A344EFD5B3A07893B39AD1;2431.


LaTeX Warning: There were multiply-defined labels.

 ) 
Here is how much of TeX's memory you used:
 8908 strings out of 495354
 132827 string characters out of 3183859
 249634 words of memory out of 3000000
 11783 multiletter control sequences out of 15000+200000
 57175 words of font info for 80 fonts, out of 3000000 for 9000
 14 hyphenation exceptions out of 8191
 36i,14n,39p,2479b,458s stack positions out of 5000i,500n,10000p,200000b,50000s
{C:/CTEX/MiKTeX/fonts/enc/dvips/fontname/8r.enc}<C:/CTEX/MiKTeX/fonts/type1/p
ublic/amsfonts/cm/cmex10.pfb><C:/CTEX/MiKTeX/fonts/type1/public/amsfonts/cm/cmm
i10.pfb><C:/CTEX/MiKTeX/fonts/type1/public/amsfonts/cm/cmr10.pfb><C:/CTEX/MiKTe
X/fonts/type1/public/amsfonts/cm/cmsy6.pfb><C:/CTEX/MiKTeX/fonts/type1/public/a
msfonts/cm/cmsy7.pfb><C:/CTEX/MiKTeX/fonts/type1/public/amsfonts/cm/cmsy9.pfb><
C:/CTEX/MiKTeX/fonts/type1/urw/symbol/usyr.pfb><C:/CTEX/MiKTeX/fonts/type1/urw/
times/utmb8a.pfb><C:/CTEX/MiKTeX/fonts/type1/urw/times/utmr8a.pfb><C:/CTEX/MiKT
eX/fonts/type1/urw/times/utmri8a.pfb>
Output written on EGauthorGuidelines-conf-fin_with_teaser.pdf (13 pages, 147941
9 bytes).
PDF statistics:
 383 PDF objects out of 1000 (max. 8388607)
 95 named destinations out of 1000 (max. 500000)
 86 words of extra memory for PDF output out of 10000 (max. 10000000)

