This is pdfTeX, Version 3.1415926-2.3-1.40.12 (MiKTeX 2.9) (preloaded format=pdflatex 2014.8.26)  27 AUG 2014 18:27
entering extended mode
**C:/Users/shaheesm/Desktop/SAR_EG2015/multipleDatasetsCreation.tex
(C:/Users/shaheesm/Desktop/SAR_EG2015/multipleDatasetsCreation.tex
LaTeX2e <2011/06/27>
Babel <v3.8m> and hyphenation patterns for loaded.

! LaTeX Error: Environment table* undefined.

See the LaTeX manual or LaTeX Companion for explanation.
Type  H <return>  for immediate help.
 ...                                              
                                                  
l.11 \begin{table*}
                   [htbp!]
? 
! Emergency stop.
 ...                                              
                                                  
l.11 \begin{table*}
                   [htbp!]
Your command was ignored.
Type  I <command> <return>  to replace it with another command,
or  <return>  to continue without it.

 
Here is how much of TeX's memory you used:
 9 strings out of 495354
 426 string characters out of 3183859
 44842 words of memory out of 3000000
 3277 multiletter control sequences out of 15000+200000
 3640 words of font info for 14 fonts, out of 3000000 for 9000
 14 hyphenation exceptions out of 8191
 5i,0n,4p,259b,16s stack positions out of 5000i,500n,10000p,200000b,50000s
!  ==> Fatal error occurred, no output PDF file produced!
